[20:08:45] [ServerMain/ERROR]: [DirectoryProviderSource] Error loading plugin: java.lang.IllegalArgumentException: Directory 'plugins/via.jar' does not contain a paper-plugin.yml or plugin.yml! Could not determine plugin type, cannot load a plugin from it!
java.lang.RuntimeException: java.lang.IllegalArgumentException: Directory 'plugins/via.jar' does not contain a paper-plugin.yml or plugin.yml! Could not determine plugin type, cannot load a plugin from it!
	at io.papermc.paper.plugin.provider.source.FileProviderSource.registerProviders(FileProviderSource.java:70) ~[paper-1.20.4.jar:git-Paper-454]
	at io.papermc.paper.plugin.provider.source.DirectoryProviderSource.registerProviders(DirectoryProviderSource.java:47) ~[paper-1.20.4.jar:git-Paper-454]
	at io.papermc.paper.plugin.provider.source.DirectoryProviderSource.registerProviders(DirectoryProviderSource.java:17) ~[paper-1.20.4.jar:git-Paper-454]
	at io.papermc.paper.plugin.util.EntrypointUtil.registerProvidersFromSource(EntrypointUtil.java:15) ~[paper-1.20.4.jar:git-Paper-454]
	at io.papermc.paper.plugin.PluginInitializerManager.load(PluginInitializerManager.java:101) ~[paper-1.20.4.jar:git-Paper-454]
	at net.minecraft.server.Main.main(Main.java:131) ~[paper-1.20.4.jar:git-Paper-454]
	at org.bukkit.craftbukkit.Main.main(Main.java:326) ~[paper-1.20.4.jar:git-Paper-454]
	at io.papermc.paperclip.Paperclip.lambda$main$0(Paperclip.java:42) ~[app:?]
	at java.lang.Thread.run(Thread.java:1583) ~[?:?]
Caused by: java.lang.IllegalArgumentException: Directory 'plugins/via.jar' does not contain a paper-plugin.yml or plugin.yml! Could not determine plugin type, cannot load a plugin from it!
	... 9 more
[20:08:50] [ServerMain/INFO]: Environment: Environment[sessionHost=https://sessionserver.mojang.com, servicesHost=https://api.minecraftservices.com, name=PROD]
[20:08:51] [ServerMain/INFO]: Loaded 1174 recipes
[20:08:52] [ServerMain/INFO]: Loaded 1271 advancements
[20:08:52] [Server thread/INFO]: Starting minecraft server version 1.20.4
[20:08:52] [Server thread/INFO]: Loading properties
[20:08:52] [Server thread/INFO]: This server is running Paper version git-Paper-454 (MC: 1.20.4) (Implementing API version 1.20.4-R0.1-SNAPSHOT) (Git: 99a6416)
[20:08:53] [Server thread/INFO]: Server Ping Player Sample Count: 12
[20:08:53] [Server thread/INFO]: Using 4 threads for Netty based IO
[20:08:53] [Server thread/WARN]: [!] The timings profiler has been enabled but has been scheduled for removal from Paper in the future.
    We recommend installing the spark profiler as a replacement: https://spark.lucko.me/
    For more information please visit: https://github.com/PaperMC/Paper/issues/8948
[20:08:53] [Server thread/INFO]: [ChunkTaskScheduler] Chunk system is using 1 I/O threads, 1 worker threads, and gen parallelism of 1 threads
[20:08:54] [Server thread/INFO]: Default game type: SURVIVAL
[20:08:54] [Server thread/INFO]: Generating keypair
[20:08:54] [Server thread/INFO]: Starting Minecraft server on *:25565
[20:08:54] [Server thread/INFO]: Using epoll channel type
[20:08:54] [Server thread/INFO]: Paper: Using libdeflate (Linux x86_64) compression from Velocity.
[20:08:54] [Server thread/INFO]: Paper: Using OpenSSL 1.1.x (Linux x86_64) cipher from Velocity.
[20:08:54] [Server thread/INFO]: [floodgate] Loading server plugin floodgate v2.2.2-SNAPSHOT (b96-7f38765)
[20:08:55] [Server thread/WARN]: [floodgate] en_ is not a supported Floodgate language.
[20:08:55] [Server thread/INFO]: [floodgate] Took 647ms to boot Floodgate
[20:08:55] [Server thread/INFO]: [ViaVersion] Loading server plugin ViaVersion v4.8.1
[20:08:55] [Server thread/INFO]: [ViaVersion] ViaVersion 4.8.1 is now loaded. Registering protocol transformers and injecting...
[20:08:56] [Via-Mappingloader-0/INFO]: [ViaVersion] Loading block connection mappings ...
[20:08:56] [Via-Mappingloader-0/INFO]: [ViaVersion] Using FastUtil Long2ObjectOpenHashMap for block connections
[20:08:56] [Server thread/INFO]: [ViaBackwards] Loading translations...
[20:08:56] [Server thread/INFO]: [ViaBackwards] Registering protocols...
[20:08:56] [Server thread/INFO]: [Geyser-Spigot] Loading server plugin Geyser-Spigot v2.2.2-SNAPSHOT
[20:08:57] [Server thread/INFO]: [Geyser-Spigot] Loading extensions...
[20:08:57] [Server thread/INFO]: [Geyser-Spigot] Loaded 0 extension(s)
[20:08:57] [Server thread/INFO]: [ViaBackwards] Loading server plugin ViaBackwards v4.8.1
[20:08:57] [Server thread/INFO]: Server permissions file permissions.yml is empty, ignoring it
[20:08:57] [Server thread/WARN]: **** SERVER IS RUNNING IN OFFLINE/INSECURE MODE!
[20:08:57] [Server thread/WARN]: The server will make no attempt to authenticate usernames. Beware.
[20:08:57] [Server thread/WARN]: While this makes the game possible to play without internet access, it also opens up the ability for hackers to connect with any username they choose.
[20:08:57] [Server thread/WARN]: To change this, set "online-mode" to "true" in the server.properties file.
[20:08:57] [Server thread/INFO]: Preparing level "world"
[20:08:57] [Server thread/INFO]: -------- World Settings For [world] --------
[20:08:57] [Server thread/INFO]: View Distance: 10
[20:08:57] [Server thread/INFO]: Simulation Distance: 10
[20:08:57] [Server thread/INFO]: Item Merge Radius: 2.5
[20:08:57] [Server thread/INFO]: Experience Merge Radius: 3.0
[20:08:57] [Server thread/INFO]: Mob Spawn Range: 6
[20:08:57] [Server thread/INFO]: Item Despawn Rate: 6000
[20:08:57] [Server thread/INFO]: Arrow Despawn Rate: 1200 Trident Respawn Rate:1200
[20:08:57] [Server thread/INFO]: Nerfing mobs spawned from spawners: false
[20:08:57] [Server thread/INFO]: Cactus Growth Modifier: 100%
[20:08:57] [Server thread/INFO]: Cane Growth Modifier: 100%
[20:08:57] [Server thread/INFO]: Melon Growth Modifier: 100%
[20:08:57] [Server thread/INFO]: Mushroom Growth Modifier: 100%
[20:08:57] [Server thread/INFO]: Pumpkin Growth Modifier: 100%
[20:08:57] [Server thread/INFO]: Sapling Growth Modifier: 100%
[20:08:57] [Server thread/INFO]: Beetroot Growth Modifier: 100%
[20:08:57] [Server thread/INFO]: Carrot Growth Modifier: 100%
[20:08:57] [Server thread/INFO]: Potato Growth Modifier: 100%
[20:08:57] [Server thread/INFO]: TorchFlower Growth Modifier: 100%
[20:08:57] [Server thread/INFO]: Wheat Growth Modifier: 100%
[20:08:57] [Server thread/INFO]: NetherWart Growth Modifier: 100%
[20:08:57] [Server thread/INFO]: Vine Growth Modifier: 100%
[20:08:57] [Server thread/INFO]: Cocoa Growth Modifier: 100%
[20:08:57] [Server thread/INFO]: Bamboo Growth Modifier: 100%
[20:08:57] [Server thread/INFO]: SweetBerry Growth Modifier: 100%
[20:08:57] [Server thread/INFO]: Kelp Growth Modifier: 100%
[20:08:57] [Server thread/INFO]: TwistingVines Growth Modifier: 100%
[20:08:57] [Server thread/INFO]: WeepingVines Growth Modifier: 100%
[20:08:57] [Server thread/INFO]: CaveVines Growth Modifier: 100%
[20:08:57] [Server thread/INFO]: GlowBerry Growth Modifier: 100%
[20:08:57] [Server thread/INFO]: PitcherPlant Growth Modifier: 100%
[20:08:57] [Server thread/INFO]: Entity Activation Range: An 32 / Mo 32 / Ra 48 / Mi 16 / Tiv true / Isa false
[20:08:57] [Server thread/INFO]: Entity Tracking Range: Pl 48 / An 48 / Mo 48 / Mi 32 / Di 128 / Other 64
[20:08:57] [Server thread/INFO]: Hopper Transfer: 8 Hopper Check: 1 Hopper Amount: 1 Hopper Can Load Chunks: false
[20:08:57] [Server thread/INFO]: Custom Map Seeds:  Village: 10387312 Desert: 14357617 Igloo: 14357618 Jungle: 14357619 Swamp: 14357620 Monument: 10387313 Ocean: 14357621 Shipwreck: 165745295 End City: 10387313 Slime: 987234911 Nether: 30084232 Mansion: 10387319 Fossil: 14357921 Portal: 34222645
[20:08:57] [Server thread/INFO]: Max TNT Explosions: 100
[20:08:57] [Server thread/INFO]: Tile Max Tick Time: 50ms Entity max Tick Time: 50ms
[20:08:57] [Server thread/INFO]: Zombie Aggressive Towards Villager: true
[20:08:57] [Server thread/INFO]: Allow Zombie Pigmen to spawn from portal blocks: true
[20:08:57] [Server thread/INFO]: -------- World Settings For [world_nether] --------
[20:08:57] [Server thread/INFO]: View Distance: 10
[20:08:57] [Server thread/INFO]: Simulation Distance: 10
[20:08:57] [Server thread/INFO]: Item Merge Radius: 2.5
[20:08:57] [Server thread/INFO]: Experience Merge Radius: 3.0
[20:08:57] [Server thread/INFO]: Mob Spawn Range: 6
[20:08:57] [Server thread/INFO]: Item Despawn Rate: 6000
[20:08:57] [Server thread/INFO]: Arrow Despawn Rate: 1200 Trident Respawn Rate:1200
[20:08:57] [Server thread/INFO]: Nerfing mobs spawned from spawners: false
[20:08:57] [Server thread/INFO]: Cactus Growth Modifier: 100%
[20:08:57] [Server thread/INFO]: Cane Growth Modifier: 100%
[20:08:57] [Server thread/INFO]: Melon Growth Modifier: 100%
[20:08:57] [Server thread/INFO]: Mushroom Growth Modifier: 100%
[20:08:57] [Server thread/INFO]: Pumpkin Growth Modifier: 100%
[20:08:57] [Server thread/INFO]: Sapling Growth Modifier: 100%
[20:08:57] [Server thread/INFO]: Beetroot Growth Modifier: 100%
[20:08:57] [Server thread/INFO]: Carrot Growth Modifier: 100%
[20:08:57] [Server thread/INFO]: Potato Growth Modifier: 100%
[20:08:57] [Server thread/INFO]: TorchFlower Growth Modifier: 100%
[20:08:57] [Server thread/INFO]: Wheat Growth Modifier: 100%
[20:08:57] [Server thread/INFO]: NetherWart Growth Modifier: 100%
[20:08:57] [Server thread/INFO]: Vine Growth Modifier: 100%
[20:08:57] [Server thread/INFO]: Cocoa Growth Modifier: 100%
[20:08:57] [Server thread/INFO]: Bamboo Growth Modifier: 100%
[20:08:57] [Server thread/INFO]: SweetBerry Growth Modifier: 100%
[20:08:57] [Server thread/INFO]: Kelp Growth Modifier: 100%
[20:08:57] [Server thread/INFO]: TwistingVines Growth Modifier: 100%
[20:08:57] [Server thread/INFO]: WeepingVines Growth Modifier: 100%
[20:08:57] [Server thread/INFO]: CaveVines Growth Modifier: 100%
[20:08:57] [Server thread/INFO]: GlowBerry Growth Modifier: 100%
[20:08:57] [Server thread/INFO]: PitcherPlant Growth Modifier: 100%
[20:08:57] [Server thread/INFO]: Entity Activation Range: An 32 / Mo 32 / Ra 48 / Mi 16 / Tiv true / Isa false
[20:08:57] [Server thread/INFO]: Entity Tracking Range: Pl 48 / An 48 / Mo 48 / Mi 32 / Di 128 / Other 64
[20:08:57] [Server thread/INFO]: Hopper Transfer: 8 Hopper Check: 1 Hopper Amount: 1 Hopper Can Load Chunks: false
[20:08:57] [Server thread/INFO]: Custom Map Seeds:  Village: 10387312 Desert: 14357617 Igloo: 14357618 Jungle: 14357619 Swamp: 14357620 Monument: 10387313 Ocean: 14357621 Shipwreck: 165745295 End City: 10387313 Slime: 987234911 Nether: 30084232 Mansion: 10387319 Fossil: 14357921 Portal: 34222645
[20:08:57] [Server thread/INFO]: Max TNT Explosions: 100
[20:08:57] [Server thread/INFO]: Tile Max Tick Time: 50ms Entity max Tick Time: 50ms
[20:08:57] [Server thread/INFO]: Zombie Aggressive Towards Villager: true
[20:08:57] [Server thread/INFO]: Allow Zombie Pigmen to spawn from portal blocks: true
[20:08:57] [Server thread/INFO]: -------- World Settings For [world_the_end] --------
[20:08:57] [Server thread/INFO]: View Distance: 10
[20:08:57] [Server thread/INFO]: Simulation Distance: 10
[20:08:57] [Server thread/INFO]: Item Merge Radius: 2.5
[20:08:57] [Server thread/INFO]: Experience Merge Radius: 3.0
[20:08:57] [Server thread/INFO]: Mob Spawn Range: 6
[20:08:57] [Server thread/INFO]: Item Despawn Rate: 6000
[20:08:57] [Server thread/INFO]: Arrow Despawn Rate: 1200 Trident Respawn Rate:1200
[20:08:57] [Server thread/INFO]: Nerfing mobs spawned from spawners: false
[20:08:57] [Server thread/INFO]: Cactus Growth Modifier: 100%
[20:08:57] [Server thread/INFO]: Cane Growth Modifier: 100%
[20:08:57] [Server thread/INFO]: Melon Growth Modifier: 100%
[20:08:57] [Server thread/INFO]: Mushroom Growth Modifier: 100%
[20:08:57] [Server thread/INFO]: Pumpkin Growth Modifier: 100%
[20:08:57] [Server thread/INFO]: Sapling Growth Modifier: 100%
[20:08:57] [Server thread/INFO]: Beetroot Growth Modifier: 100%
[20:08:57] [Server thread/INFO]: Carrot Growth Modifier: 100%
[20:08:57] [Server thread/INFO]: Potato Growth Modifier: 100%
[20:08:57] [Server thread/INFO]: TorchFlower Growth Modifier: 100%
[20:08:57] [Server thread/INFO]: Wheat Growth Modifier: 100%
[20:08:57] [Server thread/INFO]: NetherWart Growth Modifier: 100%
[20:08:57] [Server thread/INFO]: Vine Growth Modifier: 100%
[20:08:57] [Server thread/INFO]: Cocoa Growth Modifier: 100%
[20:08:57] [Server thread/INFO]: Bamboo Growth Modifier: 100%
[20:08:57] [Server thread/INFO]: SweetBerry Growth Modifier: 100%
[20:08:57] [Server thread/INFO]: Kelp Growth Modifier: 100%
[20:08:57] [Server thread/INFO]: TwistingVines Growth Modifier: 100%
[20:08:57] [Server thread/INFO]: WeepingVines Growth Modifier: 100%
[20:08:57] [Server thread/INFO]: CaveVines Growth Modifier: 100%
[20:08:57] [Server thread/INFO]: GlowBerry Growth Modifier: 100%
[20:08:57] [Server thread/INFO]: PitcherPlant Growth Modifier: 100%
[20:08:57] [Server thread/INFO]: Entity Activation Range: An 32 / Mo 32 / Ra 48 / Mi 16 / Tiv true / Isa false
[20:08:57] [Server thread/INFO]: Entity Tracking Range: Pl 48 / An 48 / Mo 48 / Mi 32 / Di 128 / Other 64
[20:08:57] [Server thread/INFO]: Hopper Transfer: 8 Hopper Check: 1 Hopper Amount: 1 Hopper Can Load Chunks: false
[20:08:57] [Server thread/INFO]: Custom Map Seeds:  Village: 10387312 Desert: 14357617 Igloo: 14357618 Jungle: 14357619 Swamp: 14357620 Monument: 10387313 Ocean: 14357621 Shipwreck: 165745295 End City: 10387313 Slime: 987234911 Nether: 30084232 Mansion: 10387319 Fossil: 14357921 Portal: 34222645
[20:08:57] [Server thread/INFO]: Max TNT Explosions: 100
[20:08:57] [Server thread/INFO]: Tile Max Tick Time: 50ms Entity max Tick Time: 50ms
[20:08:57] [Server thread/INFO]: Zombie Aggressive Towards Villager: true
[20:08:57] [Server thread/INFO]: Allow Zombie Pigmen to spawn from portal blocks: true
[20:08:57] [Server thread/INFO]: Preparing start region for dimension minecraft:overworld
[20:08:58] [Server thread/INFO]: Time elapsed: 287 ms
[20:08:58] [Server thread/INFO]: Preparing start region for dimension minecraft:the_nether
[20:08:58] [Server thread/INFO]: Time elapsed: 75 ms
[20:08:58] [Server thread/INFO]: Preparing start region for dimension minecraft:the_end
[20:08:58] [Server thread/INFO]: Time elapsed: 85 ms
[20:08:58] [Server thread/INFO]: [floodgate] Enabling floodgate v2.2.2-SNAPSHOT (b96-7f38765)
[20:08:58] [Server thread/INFO]: [ViaVersion] Enabling ViaVersion v4.8.1
[20:08:58] [Server thread/INFO]: [ViaVersion] ViaVersion detected server version: Unknown (765) (765)
[20:08:58] [Server thread/WARN]: [ViaVersion] ViaVersion does not have any compatible versions for this server version!
[20:08:58] [Server thread/WARN]: [ViaVersion] Please remember that ViaVersion only adds support for versions newer than the server version.
[20:08:58] [Server thread/WARN]: [ViaVersion] If you need support for older versions you may need to use one or more ViaVersion addons too.
[20:08:58] [Server thread/WARN]: [ViaVersion] In that case please read the ViaVersion resource page carefully or use https://jo0001.github.io/ViaSetup
[20:08:58] [Server thread/WARN]: [ViaVersion] and if you're still unsure, feel free to join our Discord-Server for further assistance.
[20:08:58] [Server thread/INFO]: [Geyser-Spigot] Enabling Geyser-Spigot v2.2.2-SNAPSHOT
[20:08:58] [Server thread/INFO]: [ViaBackwards] Enabling ViaBackwards v4.8.1
[20:08:59] [Server thread/INFO]: [Geyser-Spigot] ******************************************
[20:08:59] [Server thread/INFO]: [Geyser-Spigot] 
[20:08:59] [Server thread/INFO]: [Geyser-Spigot] Loading Geyser version 2.2.2-SNAPSHOT (git-master-112f4dd)
[20:08:59] [Server thread/INFO]: [Geyser-Spigot] 
[20:08:59] [Server thread/INFO]: [Geyser-Spigot] ******************************************
[20:09:05] [epollEventLoopGroup-3-2/INFO]: [Geyser-Spigot] Started Geyser on 0.0.0.0:19132
[20:09:05] [Server thread/INFO]: [Geyser-Spigot] Done (6.727s)! Run /geyser help for help!
[20:09:05] [Server thread/INFO]: Running delayed init tasks
[20:09:05] [Server thread/INFO]: Done (13.563s)! For help, type "help"
[20:09:05] [Server thread/INFO]: Timings Reset
[20:09:05] [Craft Scheduler Thread - 2 - ViaVersion/INFO]: [ViaVersion] Finished mapping loading, shutting down loader executor!
[20:09:06] [Server thread/WARN]: [ViaVersion] There is a newer plugin version available: 4.9.3, you're on: 4.8.1
[20:09:09] [Server thread/WARN]: Can't keep up! Is the server overloaded? Running 2554ms or 51 ticks behind
[20:14:15] [Server thread/INFO]: Stopping server
[20:14:15] [Server thread/INFO]: [ViaBackwards] Disabling ViaBackwards v4.8.1
[20:14:15] [Server thread/INFO]: [Geyser-Spigot] Disabling Geyser-Spigot v2.2.2-SNAPSHOT
[20:14:15] [Server thread/INFO]: [Geyser-Spigot] Shutting down Geyser.
[20:14:15] [Server thread/INFO]: [Geyser-Spigot] Geyser shutdown successfully.
[20:14:15] [Server thread/INFO]: [ViaVersion] Disabling ViaVersion v4.8.1
[20:14:15] [Server thread/INFO]: [ViaVersion] ViaVersion is disabling, if this is a reload and you experience issues consider rebooting.
[20:14:15] [Server thread/INFO]: [floodgate] Disabling floodgate v2.2.2-SNAPSHOT (b96-7f38765)
[20:14:15] [Server thread/INFO]: Saving players
[20:14:15] [Server thread/INFO]: Saving worlds
[20:14:15] [Server thread/INFO]: Saving chunks for level 'ServerLevel[world]'/minecraft:overworld
[20:14:15] [WebSocketConnectReadThread-73/INFO]: [Geyser-Spigot] The skin uploader has been closed
[20:14:15] [Server thread/INFO]: [ChunkHolderManager] Waiting 60s for chunk system to halt for world 'world'
[20:14:15] [Server thread/INFO]: [ChunkHolderManager] Halted chunk system for world 'world'
[20:14:15] [Server thread/INFO]: [ChunkHolderManager] Saving all chunkholders for world 'world'
[20:14:16] [Server thread/INFO]: [ChunkHolderManager] Saved 1586 block chunks, 160 entity chunks, 0 poi chunks in world 'world' in 0.65s
[20:14:16] [Server thread/INFO]: ThreadedAnvilChunkStorage (world): All chunks are saved
[20:14:16] [Server thread/INFO]: Saving chunks for level 'ServerLevel[world_nether]'/minecraft:the_nether
[20:14:16] [Server thread/INFO]: [ChunkHolderManager] Waiting 60s for chunk system to halt for world 'world_nether'
[20:14:16] [Server thread/INFO]: [ChunkHolderManager] Halted chunk system for world 'world_nether'
[20:14:16] [Server thread/INFO]: [ChunkHolderManager] Saving all chunkholders for world 'world_nether'
[20:14:16] [Server thread/INFO]: [ChunkHolderManager] Saved 0 block chunks, 2 entity chunks, 0 poi chunks in world 'world_nether' in 0.00s
[20:14:16] [Server thread/INFO]: ThreadedAnvilChunkStorage (DIM-1): All chunks are saved
[20:14:16] [Server thread/INFO]: Saving chunks for level 'ServerLevel[world_the_end]'/minecraft:the_end
[20:14:16] [Server thread/INFO]: [ChunkHolderManager] Waiting 60s for chunk system to halt for world 'world_the_end'
[20:14:16] [Server thread/INFO]: [ChunkHolderManager] Halted chunk system for world 'world_the_end'
[20:14:16] [Server thread/INFO]: [ChunkHolderManager] Saving all chunkholders for world 'world_the_end'
[20:14:16] [Server thread/INFO]: [ChunkHolderManager] Saved 0 block chunks, 10 entity chunks, 0 poi chunks in world 'world_the_end' in 0.00s
[20:14:16] [Server thread/INFO]: ThreadedAnvilChunkStorage (DIM1): All chunks are saved
[20:14:16] [Server thread/INFO]: ThreadedAnvilChunkStorage: All dimensions are saved
[20:14:16] [Server thread/INFO]: Flushing Chunk IO
[20:14:16] [Server thread/INFO]: Closing Thread Pool
[20:14:16] [Server thread/INFO]: Closing Server
